
11월 17, 2022 18:08:23.489 NEW SESSION
11월 17, 2022 18:08:23.489 [9060:8976:1117/180823.488:ERROR:device_event_log_impl.cc(215)] [18:08:23.488] Bluetooth: bluetooth_adapter_winrt.cc:1074 Getting Default Adapter failed.
11월 17, 2022 18:09:21.464 [9060:5924:1117/180921.463:ERROR:util.cc(129)] Can't create base directory: C:\Program Files\Google\GoogleUpdater
11월 17, 2022 19:10:20.367 [12952:5356:1117/191020.366:ERROR:device_event_log_impl.cc(215)] [19:10:20.367] Bluetooth: bluetooth_adapter_winrt.cc:1074 Getting Default Adapter failed.
11월 17, 2022 19:11:18.327 [12952:11112:1117/191118.327:ERROR:util.cc(129)] Can't create base directory: C:\Program Files\Google\GoogleUpdater
11월 17, 2022 19:49:22.357 [10300:10076:1117/194922.357:ERROR:device_event_log_impl.cc(215)] [19:49:22.356] Bluetooth: bluetooth_adapter_winrt.cc:1074 Getting Default Adapter failed.
11월 17, 2022 19:49:42.38 [11316:632:1117/194942.038:ERROR:device_event_log_impl.cc(215)] [19:49:42.038] Bluetooth: bluetooth_adapter_winrt.cc:1074 Getting Default Adapter failed.
11월 17, 2022 19:49:49.180 [7604:1120:1117/194949.179:ERROR:device_event_log_impl.cc(215)] [19:49:49.179] Bluetooth: bluetooth_adapter_winrt.cc:1074 Getting Default Adapter failed.
11월 17, 2022 20:10:29.983 [11220:11036:1117/201029.982:ERROR:device_event_log_impl.cc(215)] [20:10:29.982] Bluetooth: bluetooth_adapter_winrt.cc:1074 Getting Default Adapter failed.
11월 17, 2022 20:11:04.688 [10440:976:1117/201104.687:ERROR:device_event_log_impl.cc(215)] [20:11:04.688] Bluetooth: bluetooth_adapter_winrt.cc:1074 Getting Default Adapter failed.
11월 17, 2022 20:11:31.461 [13160:11320:1117/201131.460:ERROR:device_event_log_impl.cc(215)] [20:11:31.460] Bluetooth: bluetooth_adapter_winrt.cc:1074 Getting Default Adapter failed.
11월 17, 2022 20:12:05.550 [3420:11104:1117/201205.550:ERROR:device_event_log_impl.cc(215)] [20:12:05.550] Bluetooth: bluetooth_adapter_winrt.cc:1074 Getting Default Adapter failed.
11월 17, 2022 20:13:52.674 [7460:8224:1117/201352.674:ERROR:device_event_log_impl.cc(215)] [20:13:52.674] Bluetooth: bluetooth_adapter_winrt.cc:1074 Getting Default Adapter failed.
11월 17, 2022 20:14:26.894 [2668:12496:1117/201426.894:ERROR:device_event_log_impl.cc(215)] [20:14:26.895] Bluetooth: bluetooth_adapter_winrt.cc:1074 Getting Default Adapter failed.
11월 17, 2022 20:17:26.147 [8224:10388:1117/201726.147:ERROR:device_event_log_impl.cc(215)] [20:17:26.146] Bluetooth: bluetooth_adapter_winrt.cc:1074 Getting Default Adapter failed.
11월 17, 2022 20:17:54.197 [9284:13872:1117/201754.196:ERROR:device_event_log_impl.cc(215)] [20:17:54.197] Bluetooth: bluetooth_adapter_winrt.cc:1074 Getting Default Adapter failed.
11월 17, 2022 20:18:24.724 [5556:1896:1117/201824.724:ERROR:device_event_log_impl.cc(215)] [20:18:24.724] Bluetooth: bluetooth_adapter_winrt.cc:1074 Getting Default Adapter failed.
11월 17, 2022 20:19:22.319 [5556:7368:1117/201922.319:ERROR:util.cc(129)] Can't create base directory: C:\Program Files\Google\GoogleUpdater
11월 17, 2022 20:30:43.124 [11992:8616:1117/203043.124:ERROR:device_event_log_impl.cc(215)] [20:30:43.123] Bluetooth: bluetooth_adapter_winrt.cc:1074 Getting Default Adapter failed.
11월 17, 2022 20:31:55.223 [9504:2720:1117/203155.223:ERROR:device_event_log_impl.cc(215)] [20:31:55.223] Bluetooth: bluetooth_adapter_winrt.cc:1074 Getting Default Adapter failed.
11월 17, 2022 20:33:17.525 [6940:3924:1117/203317.525:ERROR:device_event_log_impl.cc(215)] [20:33:17.525] Bluetooth: bluetooth_adapter_winrt.cc:1074 Getting Default Adapter failed.
11월 17, 2022 20:34:58.518 [5916:4460:1117/203458.518:ERROR:device_event_log_impl.cc(215)] [20:34:58.518] Bluetooth: bluetooth_adapter_winrt.cc:1074 Getting Default Adapter failed.
11월 17, 2022 20:48:34.367 [5452:12068:1117/204834.367:ERROR:device_event_log_impl.cc(215)] [20:48:34.367] Bluetooth: bluetooth_adapter_winrt.cc:1074 Getting Default Adapter failed.
11월 17, 2022 20:49:59.873 [6276:8744:1117/204959.873:ERROR:device_event_log_impl.cc(215)] [20:49:59.872] Bluetooth: bluetooth_adapter_winrt.cc:1074 Getting Default Adapter failed.
11월 17, 2022 20:49:59.954 [6276:8896:1117/204959.954:ERROR:util.cc(129)] Can't create base directory: C:\Program Files\Google\GoogleUpdater
11월 17, 2022 21:07:12.636 [9432:1052:1117/210712.636:ERROR:device_event_log_impl.cc(215)] [21:07:12.636] Bluetooth: bluetooth_adapter_winrt.cc:1074 Getting Default Adapter failed.
11월 17, 2022 21:08:10.475 [9432:10804:1117/210810.475:ERROR:util.cc(129)] Can't create base directory: C:\Program Files\Google\GoogleUpdater
11월 17, 2022 21:14:55.186 [5596:2252:1117/211455.186:ERROR:device_event_log_impl.cc(215)] [21:14:55.186] Bluetooth: bluetooth_adapter_winrt.cc:1074 Getting Default Adapter failed.
11월 17, 2022 21:15:53.16 [5596:12596:1117/211553.016:ERROR:util.cc(129)] Can't create base directory: C:\Program Files\Google\GoogleUpdater
11월 17, 2022 21:22:05.03 [7236:5896:1117/212205.002:ERROR:device_event_log_impl.cc(215)] [21:22:05.002] Bluetooth: bluetooth_adapter_winrt.cc:1074 Getting Default Adapter failed.
11월 17, 2022 21:22:49.333 [13584:9060:1117/212249.333:ERROR:device_event_log_impl.cc(215)] [21:22:49.332] Bluetooth: bluetooth_adapter_winrt.cc:1074 Getting Default Adapter failed.
11월 17, 2022 21:28:28.235 [2276:8892:1117/212828.235:ERROR:device_event_log_impl.cc(215)] [21:28:28.235] Bluetooth: bluetooth_adapter_winrt.cc:1074 Getting Default Adapter failed.
11월 17, 2022 21:29:26.48 [2276:14116:1117/212926.048:ERROR:util.cc(129)] Can't create base directory: C:\Program Files\Google\GoogleUpdater

11월 18, 2022 17:40:18.896 NEW SESSION
11월 18, 2022 17:40:18.896 [556:4368:1118/174018.895:ERROR:device_event_log_impl.cc(215)] [17:40:18.895] Bluetooth: bluetooth_adapter_winrt.cc:1074 Getting Default Adapter failed.
11월 18, 2022 17:40:31.301 [13736:10856:1118/174031.301:ERROR:device_event_log_impl.cc(215)] [17:40:31.301] Bluetooth: bluetooth_adapter_winrt.cc:1074 Getting Default Adapter failed.
11월 18, 2022 18:03:30.729 [6312:4036:1118/180330.729:ERROR:device_event_log_impl.cc(215)] [18:03:30.728] Bluetooth: bluetooth_adapter_winrt.cc:1074 Getting Default Adapter failed.
11월 18, 2022 18:04:27.299 [6312:11424:1118/180427.299:ERROR:util.cc(129)] Can't create base directory: C:\Program Files\Google\GoogleUpdater
11월 18, 2022 18:24:00.632 [10052:13180:1118/182400.631:ERROR:device_event_log_impl.cc(215)] [18:24:00.631] Bluetooth: bluetooth_adapter_winrt.cc:1074 Getting Default Adapter failed.
11월 18, 2022 18:24:50.269 [10052:6160:1118/182450.268:ERROR:util.cc(129)] Can't create base directory: C:\Program Files\Google\GoogleUpdater
11월 18, 2022 19:09:05.371 [3820:5900:1118/190905.370:ERROR:device_event_log_impl.cc(215)] [19:09:05.371] Bluetooth: bluetooth_adapter_winrt.cc:1074 Getting Default Adapter failed.
11월 18, 2022 19:10:02.327 [3820:11720:1118/191002.326:ERROR:util.cc(129)] Can't create base directory: C:\Program Files\Google\GoogleUpdater
11월 18, 2022 20:24:42.316 [13008:340:1118/202442.316:ERROR:device_event_log_impl.cc(215)] [20:24:42.316] Bluetooth: bluetooth_adapter_winrt.cc:1074 Getting Default Adapter failed.
11월 18, 2022 20:25:39.877 [13008:5036:1118/202539.876:ERROR:util.cc(129)] Can't create base directory: C:\Program Files\Google\GoogleUpdater

11월 21, 2022 16:12:05.569 NEW SESSION
11월 21, 2022 16:12:05.569 [13620:5348:1121/161205.566:ERROR:device_event_log_impl.cc(215)] [16:12:05.566] Bluetooth: bluetooth_adapter_winrt.cc:1074 Getting Default Adapter failed.
11월 21, 2022 16:13:02.851 [13620:8272:1121/161302.851:ERROR:util.cc(129)] Can't create base directory: C:\Program Files\Google\GoogleUpdater
11월 21, 2022 16:46:50.744 [13992:11744:1121/164650.744:ERROR:device_event_log_impl.cc(215)] [16:46:50.744] Bluetooth: bluetooth_adapter_winrt.cc:1074 Getting Default Adapter failed.
11월 21, 2022 16:47:48.224 [13992:4132:1121/164748.224:ERROR:util.cc(129)] Can't create base directory: C:\Program Files\Google\GoogleUpdater
11월 21, 2022 17:12:16.517 [12488:5760:1121/171216.517:ERROR:device_event_log_impl.cc(215)] [17:12:16.518] Bluetooth: bluetooth_adapter_winrt.cc:1074 Getting Default Adapter failed.
11월 21, 2022 17:12:49.286 [12488:5092:1121/171249.286:ERROR:util.cc(129)] Can't create base directory: C:\Program Files\Google\GoogleUpdater
11월 21, 2022 20:08:44.770 [13556:10432:1121/200844.769:ERROR:device_event_log_impl.cc(215)] [20:08:44.769] Bluetooth: bluetooth_adapter_winrt.cc:1074 Getting Default Adapter failed.
11월 21, 2022 20:09:41.655 [13556:12232:1121/200941.655:ERROR:util.cc(129)] Can't create base directory: C:\Program Files\Google\GoogleUpdater
11월 21, 2022 20:35:35.981 [13556:10432:1121/203535.981:ERROR:interface_endpoint_client.cc(690)] Message 1 rejected by interface blink.mojom.WidgetHost
11월 21, 2022 20:35:36.973 [13556:10432:1121/203536.973:ERROR:device_event_log_impl.cc(215)] [20:35:36.973] Bluetooth: bluetooth_adapter_winrt.cc:1074 Getting Default Adapter failed.

11월 22, 2022 17:10:40.905 NEW SESSION
11월 22, 2022 17:10:40.905 [11960:10620:1122/171040.902:ERROR:device_event_log_impl.cc(215)] [17:10:40.902] Bluetooth: bluetooth_adapter_winrt.cc:1074 Getting Default Adapter failed.
11월 22, 2022 17:10:41.60 [11960:10056:1122/171041.060:ERROR:util.cc(129)] Can't create base directory: C:\Program Files\Google\GoogleUpdater
11월 22, 2022 17:32:12.606 [12096:7476:1122/173212.605:ERROR:device_event_log_impl.cc(215)] [17:32:12.605] Bluetooth: bluetooth_adapter_winrt.cc:1074 Getting Default Adapter failed.
11월 22, 2022 17:33:08.893 [12096:8116:1122/173308.893:ERROR:util.cc(129)] Can't create base directory: C:\Program Files\Google\GoogleUpdater
11월 22, 2022 21:45:31.345 [libprotobuf ERROR ..\..\third_party\protobuf\src\google\protobuf\message_lite.cc:133] Can't parse message of type "safe_browsing.ClientDownloadRequest" because it is missing required fields: (cannot determine missing fields for lite message)

11월 23, 2022 15:44:15.830 NEW SESSION
11월 23, 2022 15:44:15.830 [5768:3368:1123/154415.828:ERROR:interface_endpoint_client.cc(690)] Message 0 rejected by interface blink.mojom.WidgetHost
11월 23, 2022 15:44:36.234 [7456:3880:1123/154436.234:ERROR:device_event_log_impl.cc(215)] [15:44:36.235] Bluetooth: bluetooth_adapter_winrt.cc:1074 Getting Default Adapter failed.
11월 23, 2022 15:45:33.771 [7456:11208:1123/154533.770:ERROR:util.cc(129)] Can't create base directory: C:\Program Files\Google\GoogleUpdater
11월 23, 2022 18:23:05.882 [libprotobuf ERROR ..\..\third_party\protobuf\src\google\protobuf\message_lite.cc:133] Can't parse message of type "safe_browsing.ClientDownloadRequest" because it is missing required fields: (cannot determine missing fields for lite message)
11월 23, 2022 20:10:46.775 [4864:12968:1123/201046.775:ERROR:device_event_log_impl.cc(215)] [20:10:46.775] Bluetooth: bluetooth_adapter_winrt.cc:1074 Getting Default Adapter failed.
11월 23, 2022 20:11:10.826 [7572:13048:1123/201110.825:ERROR:device_event_log_impl.cc(215)] [20:11:10.826] Bluetooth: bluetooth_adapter_winrt.cc:1074 Getting Default Adapter failed.
11월 23, 2022 20:12:08.770 [7572:4532:1123/201208.770:ERROR:util.cc(129)] Can't create base directory: C:\Program Files\Google\GoogleUpdater
11월 23, 2022 21:08:46.902 [7544:11452:1123/210846.902:ERROR:device_event_log_impl.cc(215)] [21:08:46.902] Bluetooth: bluetooth_adapter_winrt.cc:1074 Getting Default Adapter failed.
11월 23, 2022 21:09:43.978 [7544:5956:1123/210943.978:ERROR:util.cc(129)] Can't create base directory: C:\Program Files\Google\GoogleUpdater

11월 24, 2022 15:42:49.900 NEW SESSION
11월 24, 2022 15:42:49.900 [5760:13260:1124/154249.899:ERROR:device_event_log_impl.cc(215)] [15:42:49.899] Bluetooth: bluetooth_adapter_winrt.cc:1074 Getting Default Adapter failed.
11월 24, 2022 15:43:47.823 [5760:1776:1124/154347.823:ERROR:util.cc(129)] Can't create base directory: C:\Program Files\Google\GoogleUpdater
11월 24, 2022 16:07:20.139 [3064:6696:1124/160720.139:ERROR:device_event_log_impl.cc(215)] [16:07:20.138] Bluetooth: bluetooth_adapter_winrt.cc:1074 Getting Default Adapter failed.
11월 24, 2022 16:08:18.114 [3064:3904:1124/160818.114:ERROR:util.cc(129)] Can't create base directory: C:\Program Files\Google\GoogleUpdater
11월 24, 2022 19:08:27.219 [8060:11388:1124/190827.219:ERROR:device_event_log_impl.cc(215)] [19:08:27.219] Bluetooth: bluetooth_adapter_winrt.cc:1074 Getting Default Adapter failed.
11월 24, 2022 19:09:24.709 [8060:6100:1124/190924.709:ERROR:util.cc(129)] Can't create base directory: C:\Program Files\Google\GoogleUpdater

11월 24, 2022 19:18:29.678 NEW SESSION
11월 24, 2022 19:18:29.678 [9264:10328:1124/191829.677:ERROR:device_event_log_impl.cc(215)] [19:18:29.677] Bluetooth: bluetooth_adapter_winrt.cc:1074 Getting Default Adapter failed.
11월 24, 2022 19:19:27.500 [9264:12460:1124/191927.500:ERROR:util.cc(129)] Can't create base directory: C:\Program Files\Google\GoogleUpdater

11월 25, 2022 15:59:46.898 NEW SESSION
11월 25, 2022 15:59:46.898 [3816:11368:1125/155946.897:ERROR:device_event_log_impl.cc(215)] [15:59:46.897] Bluetooth: bluetooth_adapter_winrt.cc:1074 Getting Default Adapter failed.
11월 25, 2022 16:00:44.224 [3816:12892:1125/160044.224:ERROR:util.cc(129)] Can't create base directory: C:\Program Files\Google\GoogleUpdater
11월 25, 2022 17:11:09.687 [9932:10016:1125/171109.686:ERROR:device_event_log_impl.cc(215)] [17:11:09.687] Bluetooth: bluetooth_adapter_winrt.cc:1074 Getting Default Adapter failed.
11월 25, 2022 17:12:07.84 [9932:1028:1125/171207.084:ERROR:util.cc(129)] Can't create base directory: C:\Program Files\Google\GoogleUpdater
11월 25, 2022 18:29:49.200 [9048:6696:1125/182949.200:ERROR:device_event_log_impl.cc(215)] [18:29:49.200] Bluetooth: bluetooth_adapter_winrt.cc:1074 Getting Default Adapter failed.
11월 25, 2022 18:30:46.474 [9048:9644:1125/183046.474:ERROR:util.cc(129)] Can't create base directory: C:\Program Files\Google\GoogleUpdater
11월 25, 2022 18:40:32.533 [1164:5460:1125/184032.532:ERROR:device_event_log_impl.cc(215)] [18:40:32.532] Bluetooth: bluetooth_adapter_winrt.cc:1074 Getting Default Adapter failed.
11월 25, 2022 18:41:30.241 [1164:10500:1125/184130.241:ERROR:util.cc(129)] Can't create base directory: C:\Program Files\Google\GoogleUpdater
11월 25, 2022 19:16:12.412 [5052:3736:1125/191612.412:ERROR:device_event_log_impl.cc(215)] [19:16:12.411] Bluetooth: bluetooth_adapter_winrt.cc:1074 Getting Default Adapter failed.
11월 25, 2022 19:17:09.840 [5052:14556:1125/191709.840:ERROR:util.cc(129)] Can't create base directory: C:\Program Files\Google\GoogleUpdater
11월 25, 2022 19:30:46.529 [6128:15228:1125/193046.528:ERROR:device_event_log_impl.cc(215)] [19:30:46.528] Bluetooth: bluetooth_adapter_winrt.cc:1074 Getting Default Adapter failed.
11월 25, 2022 19:31:44.311 [6128:6340:1125/193144.311:ERROR:util.cc(129)] Can't create base directory: C:\Program Files\Google\GoogleUpdater
11월 25, 2022 20:47:20.928 [8884:9332:1125/204720.928:ERROR:device_event_log_impl.cc(215)] [20:47:20.928] Bluetooth: bluetooth_adapter_winrt.cc:1074 Getting Default Adapter failed.
11월 25, 2022 20:48:17.543 [8884:9708:1125/204817.543:ERROR:util.cc(129)] Can't create base directory: C:\Program Files\Google\GoogleUpdater

11월 28, 2022 16:16:24.513 NEW SESSION
11월 28, 2022 16:16:24.513 [1728:14704:1128/161624.511:ERROR:device_event_log_impl.cc(215)] [16:16:24.511] Bluetooth: bluetooth_adapter_winrt.cc:1074 Getting Default Adapter failed.
11월 28, 2022 16:17:00.506 [11668:8732:1128/161700.505:ERROR:device_event_log_impl.cc(215)] [16:17:00.506] Bluetooth: bluetooth_adapter_winrt.cc:1074 Getting Default Adapter failed.
11월 28, 2022 16:17:58.347 [11668:560:1128/161758.346:ERROR:util.cc(129)] Can't create base directory: C:\Program Files\Google\GoogleUpdater
11월 28, 2022 16:21:34.35 [7180:11332:1128/162134.035:ERROR:device_event_log_impl.cc(215)] [16:21:34.034] Bluetooth: bluetooth_adapter_winrt.cc:1074 Getting Default Adapter failed.
11월 28, 2022 16:30:47.732 [3540:9584:1128/163047.732:ERROR:device_event_log_impl.cc(215)] [16:30:47.732] Bluetooth: bluetooth_adapter_winrt.cc:1074 Getting Default Adapter failed.
11월 28, 2022 16:47:18.720 [7820:7476:1128/164718.720:ERROR:device_event_log_impl.cc(215)] [16:47:18.720] Bluetooth: bluetooth_adapter_winrt.cc:1074 Getting Default Adapter failed.
11월 28, 2022 16:48:15.647 [7820:1348:1128/164815.647:ERROR:util.cc(129)] Can't create base directory: C:\Program Files\Google\GoogleUpdater
11월 28, 2022 16:53:27.603 [8896:1988:1128/165327.602:ERROR:device_event_log_impl.cc(215)] [16:53:27.603] Bluetooth: bluetooth_adapter_winrt.cc:1074 Getting Default Adapter failed.
11월 28, 2022 17:02:32.751 [5160:336:1128/170232.751:ERROR:device_event_log_impl.cc(215)] [17:02:32.751] Bluetooth: bluetooth_adapter_winrt.cc:1074 Getting Default Adapter failed.
11월 28, 2022 17:09:50.676 [6820:9492:1128/170950.675:ERROR:device_event_log_impl.cc(215)] [17:09:50.676] Bluetooth: bluetooth_adapter_winrt.cc:1074 Getting Default Adapter failed.
11월 28, 2022 17:19:15.770 [6104:2628:1128/171915.769:ERROR:device_event_log_impl.cc(215)] [17:19:15.769] Bluetooth: bluetooth_adapter_winrt.cc:1074 Getting Default Adapter failed.
11월 28, 2022 17:19:31.652 [5468:10468:1128/171931.652:ERROR:device_event_log_impl.cc(215)] [17:19:31.653] Bluetooth: bluetooth_adapter_winrt.cc:1074 Getting Default Adapter failed.
11월 28, 2022 17:19:41.502 [13168:4680:1128/171941.502:ERROR:device_event_log_impl.cc(215)] [17:19:41.502] Bluetooth: bluetooth_adapter_winrt.cc:1074 Getting Default Adapter failed.
11월 28, 2022 17:48:48.239 [5740:5552:1128/174848.239:ERROR:device_event_log_impl.cc(215)] [17:48:48.239] Bluetooth: bluetooth_adapter_winrt.cc:1074 Getting Default Adapter failed.
11월 28, 2022 17:49:47.782 [15848:11892:1128/174947.782:ERROR:device_event_log_impl.cc(215)] [17:49:47.782] Bluetooth: bluetooth_adapter_winrt.cc:1074 Getting Default Adapter failed.
11월 28, 2022 17:50:34.951 [10488:9452:1128/175034.951:ERROR:device_event_log_impl.cc(215)] [17:50:34.951] Bluetooth: bluetooth_adapter_winrt.cc:1074 Getting Default Adapter failed.
11월 28, 2022 17:51:31.895 [10488:10344:1128/175131.895:ERROR:util.cc(129)] Can't create base directory: C:\Program Files\Google\GoogleUpdater
11월 28, 2022 18:20:10.690 [8684:8096:1128/182010.690:ERROR:device_event_log_impl.cc(215)] [18:20:10.690] Bluetooth: bluetooth_adapter_winrt.cc:1074 Getting Default Adapter failed.
11월 28, 2022 18:20:30.989 [6080:8852:1128/182030.989:ERROR:device_event_log_impl.cc(215)] [18:20:30.988] Bluetooth: bluetooth_adapter_winrt.cc:1074 Getting Default Adapter failed.
11월 28, 2022 18:21:28.170 [6080:11456:1128/182128.169:ERROR:util.cc(129)] Can't create base directory: C:\Program Files\Google\GoogleUpdater
11월 28, 2022 18:24:51.448 [248:13208:1128/182451.448:ERROR:device_event_log_impl.cc(215)] [18:24:51.448] Bluetooth: bluetooth_adapter_winrt.cc:1074 Getting Default Adapter failed.
11월 28, 2022 18:25:10.88 [13772:5064:1128/182510.087:ERROR:device_event_log_impl.cc(215)] [18:25:10.088] Bluetooth: bluetooth_adapter_winrt.cc:1074 Getting Default Adapter failed.
11월 28, 2022 18:26:18.366 [15648:15288:1128/182618.366:ERROR:device_event_log_impl.cc(215)] [18:26:18.366] Bluetooth: bluetooth_adapter_winrt.cc:1074 Getting Default Adapter failed.
11월 28, 2022 18:27:15.618 [15648:7416:1128/182715.618:ERROR:util.cc(129)] Can't create base directory: C:\Program Files\Google\GoogleUpdater
11월 28, 2022 18:32:22.870 [12304:13444:1128/183222.870:ERROR:device_event_log_impl.cc(215)] [18:32:22.870] Bluetooth: bluetooth_adapter_winrt.cc:1074 Getting Default Adapter failed.
11월 28, 2022 18:33:19.994 [12304:8060:1128/183319.994:ERROR:util.cc(129)] Can't create base directory: C:\Program Files\Google\GoogleUpdater
11월 28, 2022 19:07:20.160 [12316:13080:1128/190720.160:ERROR:device_event_log_impl.cc(215)] [19:07:20.159] Bluetooth: bluetooth_adapter_winrt.cc:1074 Getting Default Adapter failed.
11월 28, 2022 19:08:18.96 [12316:13440:1128/190818.096:ERROR:util.cc(129)] Can't create base directory: C:\Program Files\Google\GoogleUpdater
11월 28, 2022 19:09:01.96 [1292:10060:1128/190901.095:ERROR:device_event_log_impl.cc(215)] [19:09:01.095] Bluetooth: bluetooth_adapter_winrt.cc:1074 Getting Default Adapter failed.
11월 28, 2022 19:09:57.322 [1292:8044:1128/190957.322:ERROR:util.cc(129)] Can't create base directory: C:\Program Files\Google\GoogleUpdater
11월 28, 2022 19:10:42.840 [6756:10968:1128/191042.840:ERROR:device_event_log_impl.cc(215)] [19:10:42.840] Bluetooth: bluetooth_adapter_winrt.cc:1074 Getting Default Adapter failed.
11월 28, 2022 19:11:40.360 [6756:12972:1128/191140.360:ERROR:util.cc(129)] Can't create base directory: C:\Program Files\Google\GoogleUpdater
11월 28, 2022 19:34:51.371 [13684:2720:1128/193451.371:ERROR:device_event_log_impl.cc(215)] [19:34:51.371] Bluetooth: bluetooth_adapter_winrt.cc:1074 Getting Default Adapter failed.
11월 28, 2022 19:35:48.792 [13684:10592:1128/193548.792:ERROR:util.cc(129)] Can't create base directory: C:\Program Files\Google\GoogleUpdater
11월 28, 2022 20:50:05.69 [8304:11860:1128/205005.069:ERROR:device_event_log_impl.cc(215)] [20:50:05.068] Bluetooth: bluetooth_adapter_winrt.cc:1074 Getting Default Adapter failed.
11월 28, 2022 20:51:02.133 [8304:11448:1128/205102.133:ERROR:util.cc(129)] Can't create base directory: C:\Program Files\Google\GoogleUpdater
11월 28, 2022 21:09:21.428 [808:16256:1128/210921.428:ERROR:device_event_log_impl.cc(215)] [21:09:21.427] Bluetooth: bluetooth_adapter_winrt.cc:1074 Getting Default Adapter failed.
11월 28, 2022 21:10:13.856 [808:780:1128/211013.855:ERROR:util.cc(129)] Can't create base directory: C:\Program Files\Google\GoogleUpdater
